<?xml version="1.0" encoding="UTF-8"?>
<!-- Generated by org.testng.reporters.JUnitReportReporter -->
<testsuite hostname="LAPTOP-9P6H3OF9" failures="0" tests="3" name="SeleniumModule3.TestNgAssignment3" time="37.899" errors="0" timestamp="2022-08-29T00:15:02 IST" skipped="0">
  <testcase classname="SeleniumModule3.TestNgAssignment3" name="test2" time="17.127"/>
  <system-out/>
  <testcase classname="SeleniumModule3.TestNgAssignment3" name="StudentRegistrationFormTest" time="11.504"/>
  <system-out/>
  <testcase classname="SeleniumModule3.TestNgAssignment3" name="test1" time="9.268"/>
  <system-out/>
</testsuite> <!-- SeleniumModule3.TestNgAssignment3 -->
