<?xml version="1.0" encoding="UTF-8"?>
<!-- Generated by org.testng.reporters.JUnitReportReporter -->
<testsuite hostname="LAPTOP-9P6H3OF9" failures="0" tests="2" name="SeleniumModule3.TestNgAssignmentTest2" time="72.030" errors="0" timestamp="2022-08-28T23:33:45 IST" skipped="0">
  <testcase classname="SeleniumModule3.TestNgAssignmentTest2" name="guru99PageTest" time="38.405"/>
  <system-out/>
  <testcase classname="SeleniumModule3.TestNgAssignmentTest2" name="guru99PageTest" time="33.625"/>
  <system-out/>
</testsuite> <!-- SeleniumModule3.TestNgAssignmentTest2 -->
