<?xml version="1.0" encoding="UTF-8"?>
<!-- Generated by org.testng.reporters.JUnitReportReporter -->
<testsuite hostname="LAPTOP-9P6H3OF9" failures="0" tests="1" name="SeleniumModule3.HomePageTest1" time="15.172" errors="0" timestamp="2022-08-28T23:22:14 IST" skipped="0">
  <testcase classname="SeleniumModule3.HomePageTest1" name="clickOnGuruPageTest" time="15.172"/>
  <system-out/>
</testsuite> <!-- SeleniumModule3.HomePageTest1 -->
