<?xml version="1.0" encoding="UTF-8"?>
<!-- Generated by org.testng.reporters.JUnitReportReporter -->
<testsuite hostname="LAPTOP-9P6H3OF9" failures="0" tests="1" name="SeleniumModule3.TestNgAssignmentTest1" time="30.543" errors="0" timestamp="2022-08-28T23:18:27 IST" skipped="0">
  <testcase classname="SeleniumModule3.TestNgAssignmentTest1" name="verifyPageTitleTest" time="30.543"/>
  <system-out/>
</testsuite> <!-- SeleniumModule3.TestNgAssignmentTest1 -->
